  ex_1.c
C:\Users\Admin\source\repos\robit_21th_intern_jeonseoyeon_0722\ex_1\ex_1.c(10,9): warning C4477: 'printf' : 서식 문자열 '%d'에 'int' 형식의 인수가 필요하지만 variadic 인수 1의 형식이 'size_t'입니다.
      C:\Users\Admin\source\repos\robit_21th_intern_jeonseoyeon_0722\ex_1\ex_1.c(10,9):
      서식 문자열에서 '%zu'을(를) 사용하는 것이 좋습니다.
  
C:\Users\Admin\source\repos\robit_21th_intern_jeonseoyeon_0722\ex_1\ex_1.c(12,9): warning C4477: 'printf' : 서식 문자열 '%d'에 'int' 형식의 인수가 필요하지만 variadic 인수 1의 형식이 'size_t'입니다.
      C:\Users\Admin\source\repos\robit_21th_intern_jeonseoyeon_0722\ex_1\ex_1.c(12,9):
      서식 문자열에서 '%zu'을(를) 사용하는 것이 좋습니다.
  
C:\Users\Admin\source\repos\robit_21th_intern_jeonseoyeon_0722\ex_1\ex_1.c(14,9): warning C4477: 'printf' : 서식 문자열 '%d'에 'int' 형식의 인수가 필요하지만 variadic 인수 1의 형식이 'size_t'입니다.
      C:\Users\Admin\source\repos\robit_21th_intern_jeonseoyeon_0722\ex_1\ex_1.c(14,9):
      서식 문자열에서 '%zu'을(를) 사용하는 것이 좋습니다.
  
C:\Users\Admin\source\repos\robit_21th_intern_jeonseoyeon_0722\ex_1\ex_1.c(16,9): warning C4477: 'printf' : 서식 문자열 '%d'에 'int' 형식의 인수가 필요하지만 variadic 인수 1의 형식이 'size_t'입니다.
      C:\Users\Admin\source\repos\robit_21th_intern_jeonseoyeon_0722\ex_1\ex_1.c(16,9):
      서식 문자열에서 '%zu'을(를) 사용하는 것이 좋습니다.
  
C:\Users\Admin\source\repos\robit_21th_intern_jeonseoyeon_0722\ex_1\ex_1.c(18,9): warning C4477: 'printf' : 서식 문자열 '%d'에 'int' 형식의 인수가 필요하지만 variadic 인수 1의 형식이 'size_t'입니다.
      C:\Users\Admin\source\repos\robit_21th_intern_jeonseoyeon_0722\ex_1\ex_1.c(18,9):
      서식 문자열에서 '%zu'을(를) 사용하는 것이 좋습니다.
  
C:\Users\Admin\source\repos\robit_21th_intern_jeonseoyeon_0722\ex_1\ex_1.c(20,9): warning C4477: 'printf' : 서식 문자열 '%d'에 'int' 형식의 인수가 필요하지만 variadic 인수 1의 형식이 'size_t'입니다.
      C:\Users\Admin\source\repos\robit_21th_intern_jeonseoyeon_0722\ex_1\ex_1.c(20,9):
      서식 문자열에서 '%zu'을(를) 사용하는 것이 좋습니다.
  
  ex_1.vcxproj -> C:\Users\Admin\source\repos\robit_21th_intern_jeonseoyeon_0722\x64\Debug\ex_1.exe
